Error: [8] Undefined variable: progress - /var/www/html/mne/ajax/monitoring/checklist-report.php:359
Error: [8] Undefined variable: progress - /var/www/html/mne/ajax/monitoring/checklist-report.php:359
Error: [8] Undefined variable: progress - /var/www/html/mne/ajax/monitoring/checklist-report.php:360
Error: [8] Undefined variable: progress - /var/www/html/mne/ajax/monitoring/checklist-report.php:364
Error: [8] Undefined variable: subtask_id - /var/www/html/mne/ajax/monitoring/checklist-report.php:445
Error: [8] Trying to access array offset on value of type bool - /var/www/html/mne/ajax/monitoring/checklist-report.php:447
Error: [8] Undefined variable: subtask_id - /var/www/html/mne/ajax/monitoring/checklist-report.php:445
Error: [8] Trying to access array offset on value of type bool - /var/www/html/mne/ajax/monitoring/checklist-report.php:447
Error: [8] Undefined variable: subtask_id - /var/www/html/mne/ajax/monitoring/checklist-report.php:445
Error: [8] Trying to access array offset on value of type bool - /var/www/html/mne/ajax/monitoring/checklist-report.php:447
Error: [8] Undefined variable: subtask_id - /var/www/html/mne/ajax/monitoring/checklist-report.php:445
Error: [8] Trying to access array offset on value of type bool - /var/www/html/mne/ajax/monitoring/checklist-report.php:447
Error: [8] Undefined variable: progress - /var/www/html/mne/ajax/monitoring/checklist-report.php:359
Error: [8] Undefined variable: progress - /var/www/html/mne/ajax/monitoring/checklist-report.php:359
Error: [8] Undefined variable: progress - /var/www/html/mne/ajax/monitoring/checklist-report.php:360
Error: [8] Undefined variable: progress - /var/www/html/mne/ajax/monitoring/checklist-report.php:364
Error: [8] Undefined variable: subtask_id - /var/www/html/mne/ajax/monitoring/checklist-report.php:445
Error: [8] Trying to access array offset on value of type bool - /var/www/html/mne/ajax/monitoring/checklist-report.php:447
Error: [8] Undefined variable: subtask_id - /var/www/html/mne/ajax/monitoring/checklist-report.php:445
Error: [8] Trying to access array offset on value of type bool - /var/www/html/mne/ajax/monitoring/checklist-report.php:447
Error: [8] Undefined variable: subtask_id - /var/www/html/mne/ajax/monitoring/checklist-report.php:445
Error: [8] Trying to access array offset on value of type bool - /var/www/html/mne/ajax/monitoring/checklist-report.php:447
Error: [8] Undefined variable: subtask_id - /var/www/html/mne/ajax/monitoring/checklist-report.php:445
Error: [8] Trying to access array offset on value of type bool - /var/www/html/mne/ajax/monitoring/checklist-report.php:447
Error: [8] Undefined variable: progress - /var/www/html/mne/ajax/monitoring/checklist-report.php:359
Error: [8] Undefined variable: progress - /var/www/html/mne/ajax/monitoring/checklist-report.php:359
Error: [8] Undefined variable: progress - /var/www/html/mne/ajax/monitoring/checklist-report.php:360
Error: [8] Undefined variable: progress - /var/www/html/mne/ajax/monitoring/checklist-report.php:364
Error: [8] Undefined variable: subtask_id - /var/www/html/mne/ajax/monitoring/checklist-report.php:445
Error: [8] Trying to access array offset on value of type bool - /var/www/html/mne/ajax/monitoring/checklist-report.php:447
Error: [8] Undefined variable: subtask_id - /var/www/html/mne/ajax/monitoring/checklist-report.php:445
Error: [8] Trying to access array offset on value of type bool - /var/www/html/mne/ajax/monitoring/checklist-report.php:447
Error: [8] Undefined variable: subtask_id - /var/www/html/mne/ajax/monitoring/checklist-report.php:445
Error: [8] Trying to access array offset on value of type bool - /var/www/html/mne/ajax/monitoring/checklist-report.php:447
Error: [8] Undefined variable: subtask_id - /var/www/html/mne/ajax/monitoring/checklist-report.php:445
Error: [8] Trying to access array offset on value of type bool - /var/www/html/mne/ajax/monitoring/checklist-report.php:447
Error: [8] Trying to access array offset on value of type bool - /var/www/html/mne/ajax/monitoring/index.php:49
Error: [8] Undefined index: MM_Username - /var/www/html/mne/ajax/controller.php:22
Error: [8] Undefined index: designation - /var/www/html/mne/ajax/controller.php:23
Error: [8] Undefined index: designation - /var/www/html/mne/ajax/controller.php:24
Error: [8] Undefined index: ministry - /var/www/html/mne/ajax/controller.php:25
Error: [8] Undefined index: sector - /var/www/html/mne/ajax/controller.php:26
Error: [8] Undefined index: directorate - /var/www/html/mne/ajax/controller.php:27
Error: [8] Undefined index: avatar - /var/www/html/mne/ajax/controller.php:28
Error: [8] Undefined index: fullname - /var/www/html/mne/ajax/controller.php:29
Error: [8] Undefined index: page_id - /var/www/html/mne/ajax/controller.php:38
Error: [8] Undefined variable: current_unit_cost - /var/www/html/mne/ajax/monitoring/issues.php:1150
Error: [8] Undefined variable: current_unit_cost - /var/www/html/mne/ajax/monitoring/issues.php:1150
Error: [8] Undefined variable: current_unit_cost - /var/www/html/mne/ajax/monitoring/issues.php:1150
Error: [8] Undefined variable: current_unit_cost - /var/www/html/mne/ajax/monitoring/issues.php:1150
Error: [8] Undefined variable: progress - /var/www/html/mne/ajax/monitoring/checklist-report.php:359
Error: [8] Undefined variable: progress - /var/www/html/mne/ajax/monitoring/checklist-report.php:359
Error: [8] Undefined variable: progress - /var/www/html/mne/ajax/monitoring/checklist-report.php:360
Error: [8] Undefined variable: progress - /var/www/html/mne/ajax/monitoring/checklist-report.php:364
Error: [8] Undefined variable: subtask_id - /var/www/html/mne/ajax/monitoring/checklist-report.php:445
Error: [8] Trying to access array offset on value of type bool - /var/www/html/mne/ajax/monitoring/checklist-report.php:447
Error: [8] Undefined variable: subtask_id - /var/www/html/mne/ajax/monitoring/checklist-report.php:445
Error: [8] Trying to access array offset on value of type bool - /var/www/html/mne/ajax/monitoring/checklist-report.php:447
Error: [8] Undefined variable: subtask_id - /var/www/html/mne/ajax/monitoring/checklist-report.php:445
Error: [8] Trying to access array offset on value of type bool - /var/www/html/mne/ajax/monitoring/checklist-report.php:447
Error: [8] Undefined variable: subtask_id - /var/www/html/mne/ajax/monitoring/checklist-report.php:445
Error: [8] Trying to access array offset on value of type bool - /var/www/html/mne/ajax/monitoring/checklist-report.php:447
Error: [8] Undefined variable: progress - /var/www/html/mne/ajax/monitoring/checklist-report.php:359
Error: [8] Undefined variable: progress - /var/www/html/mne/ajax/monitoring/checklist-report.php:359
Error: [8] Undefined variable: progress - /var/www/html/mne/ajax/monitoring/checklist-report.php:360
Error: [8] Undefined variable: progress - /var/www/html/mne/ajax/monitoring/checklist-report.php:364
Error: [8] Undefined variable: subtask_id - /var/www/html/mne/ajax/monitoring/checklist-report.php:445
Error: [8] Trying to access array offset on value of type bool - /var/www/html/mne/ajax/monitoring/checklist-report.php:447
Error: [8] Undefined variable: subtask_id - /var/www/html/mne/ajax/monitoring/checklist-report.php:445
Error: [8] Trying to access array offset on value of type bool - /var/www/html/mne/ajax/monitoring/checklist-report.php:447
Error: [8] Undefined variable: subtask_id - /var/www/html/mne/ajax/monitoring/checklist-report.php:445
Error: [8] Trying to access array offset on value of type bool - /var/www/html/mne/ajax/monitoring/checklist-report.php:447
Error: [8] Undefined variable: subtask_id - /var/www/html/mne/ajax/monitoring/checklist-report.php:445
Error: [8] Trying to access array offset on value of type bool - /var/www/html/mne/ajax/monitoring/checklist-report.php:447
Error: [8] Undefined variable: progress - /var/www/html/mne/ajax/monitoring/checklist-report.php:359
Error: [8] Undefined variable: progress - /var/www/html/mne/ajax/monitoring/checklist-report.php:359
Error: [8] Undefined variable: progress - /var/www/html/mne/ajax/monitoring/checklist-report.php:360
Error: [8] Undefined variable: progress - /var/www/html/mne/ajax/monitoring/checklist-report.php:364
Error: [8] Undefined variable: subtask_id - /var/www/html/mne/ajax/monitoring/checklist-report.php:445
Error: [8] Trying to access array offset on value of type bool - /var/www/html/mne/ajax/monitoring/checklist-report.php:447
Error: [8] Undefined variable: subtask_id - /var/www/html/mne/ajax/monitoring/checklist-report.php:445
Error: [8] Trying to access array offset on value of type bool - /var/www/html/mne/ajax/monitoring/checklist-report.php:447
Error: [8] Undefined variable: subtask_id - /var/www/html/mne/ajax/monitoring/checklist-report.php:445
Error: [8] Trying to access array offset on value of type bool - /var/www/html/mne/ajax/monitoring/checklist-report.php:447
Error: [8] Undefined variable: subtask_id - /var/www/html/mne/ajax/monitoring/checklist-report.php:445
Error: [8] Trying to access array offset on value of type bool - /var/www/html/mne/ajax/monitoring/checklist-report.php:447
Error: [8] Undefined variable: progress - /var/www/html/mne/ajax/monitoring/checklist-report.php:359
Error: [8] Undefined variable: progress - /var/www/html/mne/ajax/monitoring/checklist-report.php:359
Error: [8] Undefined variable: progress - /var/www/html/mne/ajax/monitoring/checklist-report.php:360
Error: [8] Undefined variable: progress - /var/www/html/mne/ajax/monitoring/checklist-report.php:364
Error: [8] Undefined variable: subtask_id - /var/www/html/mne/ajax/monitoring/checklist-report.php:445
Error: [8] Trying to access array offset on value of type bool - /var/www/html/mne/ajax/monitoring/checklist-report.php:447
Error: [8] Undefined variable: subtask_id - /var/www/html/mne/ajax/monitoring/checklist-report.php:445
Error: [8] Trying to access array offset on value of type bool - /var/www/html/mne/ajax/monitoring/checklist-report.php:447
Error: [8] Undefined variable: subtask_id - /var/www/html/mne/ajax/monitoring/checklist-report.php:445
Error: [8] Trying to access array offset on value of type bool - /var/www/html/mne/ajax/monitoring/checklist-report.php:447
Error: [8] Undefined variable: subtask_id - /var/www/html/mne/ajax/monitoring/checklist-report.php:445
Error: [8] Trying to access array offset on value of type bool - /var/www/html/mne/ajax/monitoring/checklist-report.php:447
Error: [8] Undefined variable: progress - /var/www/html/mne/ajax/monitoring/checklist-report.php:359
Error: [8] Undefined variable: progress - /var/www/html/mne/ajax/monitoring/checklist-report.php:359
Error: [8] Undefined variable: progress - /var/www/html/mne/ajax/monitoring/checklist-report.php:360
Error: [8] Undefined variable: progress - /var/www/html/mne/ajax/monitoring/checklist-report.php:364
Error: [8] Undefined variable: subtask_id - /var/www/html/mne/ajax/monitoring/checklist-report.php:436
Error: [42000] SQLSTATE[42000]: Syntax error or access violation: 1064 You have an error in your SQL syntax; check the manual that corresponds to your MySQL server version for the right syntax to use near 'd.subtask_id =NULL AND s.site_id='0'' at line 1 - /var/www/html/mne/ajax/monitoring/checklist-report.php:436
Error: [8] Undefined variable: implimentation_type - /var/www/html/mne/ajax/monitoring/checklist-report.php:334
Error: [HY093] SQLSTATE[HY093]: Invalid parameter number: number of bound variables does not match number of tokens - /var/www/html/mne/ajax/monitoring/checklist-report.php:82
